phploc 2.0.4 by Sebastian Bergmann.

Size
  Lines of Code (LOC)                              233
  Comment Lines of Code (CLOC)                      41 (17.60%)
  Non-Comment Lines of Code (NCLOC)                192 (82.40%)
  Logical Lines of Code (LLOC)                      73 (31.33%)
    Classes                                          0 (0.00%)
      Average Class Length                           0
      Average Method Length                          0
    Functions                                       73 (100.00%)
      Average Function Length                       73
    Not in classes or functions                      0 (0.00%)

Complexity
  Cyclomatic Complexity / LLOC                    0.47
  Cyclomatic Complexity / Number of Methods       0.00

Dependencies
  Global Accesses                                    1
    Global Constants                                 0 (0.00%)
    Global Variables                                 1 (100.00%)
    Super-Global Variables                           0 (0.00%)
  Attribute Accesses                                27
    Non-Static                                      27 (100.00%)
    Static                                           0 (0.00%)
  Method Calls                                       0
    Non-Static                                       0 (0.00%)
    Static                                           0 (0.00%)

Structure
  Namespaces                                         0
  Interfaces                                         0
  Traits                                             0
  Classes                                            0
    Abstract Classes                                 0 (0.00%)
    Concrete Classes                                 0 (0.00%)
  Methods                                            0
    Scope
      Non-Static Methods                             0 (0.00%)
      Static Methods                                 0 (0.00%)
    Visibility
      Public Method                                  0 (0.00%)
      Non-Public Methods                             0 (0.00%)
  Functions                                          1
    Named Functions                                  1 (100.00%)
    Anonymous Functions                              0 (0.00%)
  Constants                                          0
    Global Constants                                 0 (0.00%)
    Class Constants                                  0 (0.00%)
